INFO:tserver:Server waiting for KPs on port 10010
INFO:tserver:Server waiting for publishers on port 10011
INFO:tserver:Incoming connection from ('127.0.0.1', 35265)
INFO:tserver:Received the following  message from ('127.0.0.1', 35265)
INFO:tserver:<SSAP_message>
<node_id>bd9d18a7-e8df-4b16-8a5e-4f74326a7659</node_id>
<space_id>X</space_id>
<transaction_type>REGISTER</transaction_type>
<message_type>REQUEST</message_type>
<transaction_id>568</transaction_id>

</SSAP_message>
INFO:tserver:Message identified as a REGISTER REQUEST
INFO:tserver:REGISTER REQUEST handled by handle_register_request
INFO:tserver:Incoming connection from ('127.0.0.1', 36884)
INFO:tserver:Received the following  message from ('127.0.0.1', 36884)
INFO:tserver:
<SSAP_message>
<node_id>d0a3c63b-8832-4593-be2b-09384adb0339-630dbd23-1534-4d8a-b849-45ba5677dafd</node_id>
<space_id>X</space_id>
<transaction_type>JOIN</transaction_type>
<message_type>REQUEST</message_type>
<transaction_id>5</transaction_id>
<parameter name = "credentials">XYZZY</parameter>
</SSAP_message>
INFO:tserver:Message identified as a JOIN REQUEST
INFO:tserver:JOIN REQUEST handled by handle_join_request
INFO:tserver:Received the following  message from ('127.0.0.1', 35265)
INFO:tserver:<SSAP_message><message_type>CONFIRM</message_type><transaction_type>JOIN</transaction_type><transaction_id>5</transaction_id><space_id>X</space_id><node_id>d0a3c63b-8832-4593-be2b-09384adb0339-630dbd23-1534-4d8a-b849-45ba5677dafd</node_id><parameter name="status">m3:Success</parameter></SSAP_message>
INFO:tserver:Message identified as a JOIN CONFIRM
INFO:tserver:JOIN CONFIRM handled by handle_join_confirm
INFO:tserver:Incoming connection from ('127.0.0.1', 36886)
INFO:tserver:Received the following  message from ('127.0.0.1', 36886)
INFO:tserver:
<SSAP_message>
<node_id>d0a3c63b-8832-4593-be2b-09384adb0339-630dbd23-1534-4d8a-b849-45ba5677dafd</node_id>
<space_id>X</space_id>
<transaction_type>LEAVE</transaction_type>
<message_type>REQUEST</message_type>
<transaction_id>6</transaction_id>

</SSAP_message>
INFO:tserver:Message identified as a LEAVE REQUEST
INFO:tserver:LEAVE REQUEST handled by handle_leave_request
INFO:tserver:Received the following  message from ('127.0.0.1', 35265)
INFO:tserver:<SSAP_message><message_type>CONFIRM</message_type><transaction_type>LEAVE</transaction_type><transaction_id>6</transaction_id><space_id>X</space_id><node_id>d0a3c63b-8832-4593-be2b-09384adb0339-630dbd23-1534-4d8a-b849-45ba5677dafd</node_id><parameter name="status">m3:Success</parameter></SSAP_message>
INFO:tserver:Message identified as a LEAVE CONFIRM
INFO:tserver:LEAVE CONFIRM handled by handle_leave_confirm
INFO:tserver:Incoming connection from ('127.0.0.1', 36888)
INFO:tserver:Received the following  message from ('127.0.0.1', 36888)
INFO:tserver:
<SSAP_message>
<node_id>d0a3c63b-8832-4593-be2b-09384adb0339-630dbd23-1534-4d8a-b849-45ba5677dafd</node_id>
<space_id>X</space_id>
<transaction_type>JOIN</transaction_type>
<message_type>REQUEST</message_type>
<transaction_id>7</transaction_id>
<parameter name = "credentials">XYZZY</parameter>
</SSAP_message>
INFO:tserver:Message identified as a JOIN REQUEST
INFO:tserver:JOIN REQUEST handled by handle_join_request
INFO:tserver:Received the following  message from ('127.0.0.1', 35265)
INFO:tserver:<SSAP_message><message_type>CONFIRM</message_type><transaction_type>JOIN</transaction_type><transaction_id>7</transaction_id><space_id>X</space_id><node_id>d0a3c63b-8832-4593-be2b-09384adb0339-630dbd23-1534-4d8a-b849-45ba5677dafd</node_id><parameter name="status">m3:Success</parameter></SSAP_message>
INFO:tserver:Message identified as a JOIN CONFIRM
INFO:tserver:JOIN CONFIRM handled by handle_join_confirm
INFO:tserver:Incoming connection from ('127.0.0.1', 36890)
INFO:tserver:Received the following  message from ('127.0.0.1', 36890)
INFO:tserver:
<SSAP_message>
<node_id>d0a3c63b-8832-4593-be2b-09384adb0339-630dbd23-1534-4d8a-b849-45ba5677dafd</node_id>
<space_id>X</space_id>
<transaction_type>INSERT</transaction_type>
<message_type>REQUEST</message_type>
<transaction_id>8</transaction_id>

<parameter name = "insert_graph" encoding = "RDF-M3"><triple_list>
<triple>
<subject type = "URI">1o</subject>
<predicate>ale</predicate>
<object type = "URI">oeuau1</object>
</triple></triple_list></parameter>
<parameter name = "confirm">TRUE</parameter>
</SSAP_message>
INFO:tserver:Message identified as a INSERT REQUEST
INFO:tserver:INSERT REQUEST handled by handle_insert_request
INFO:tserver:Received the following  message from ('127.0.0.1', 35265)
INFO:tserver:<SSAP_message><message_type>CONFIRM</message_type><transaction_type>INSERT</transaction_type><transaction_id>8</transaction_id><space_id>X</space_id><node_id>d0a3c63b-8832-4593-be2b-09384adb0339-630dbd23-1534-4d8a-b849-45ba5677dafd</node_id><parameter name="status">m3:Success</parameter><parameter name="bnodes"><urilist></urilist></parameter></SSAP_message>
INFO:tserver:Message identified as a INSERT CONFIRM
INFO:tserver:INSERT CONFIRM handled by handle_insert_confirm
INFO:tserver:Incoming connection from ('127.0.0.1', 36892)
INFO:tserver:Received the following  message from ('127.0.0.1', 36892)
INFO:tserver:
<SSAP_message>
<node_id>d0a3c63b-8832-4593-be2b-09384adb0339-630dbd23-1534-4d8a-b849-45ba5677dafd</node_id>
<space_id>X</space_id>
<transaction_type>REMOVE</transaction_type>
<message_type>REQUEST</message_type>
<transaction_id>9</transaction_id>

<parameter name = "remove_graph" encoding = "RDF-M3"><triple_list>
<triple>
<subject type = "URI">1o</subject>
<predicate>ale</predicate>
<object type = "URI">oeuau1</object>
</triple></triple_list></parameter>
<parameter name = "confirm">TRUE</parameter>
</SSAP_message>
INFO:tserver:Message identified as a REMOVE REQUEST
INFO:tserver:REMOVE REQUEST handled by handle_remove_request
INFO:tserver:Received the following  message from ('127.0.0.1', 35265)
INFO:tserver:<SSAP_message><message_type>CONFIRM</message_type><transaction_type>REMOVE</transaction_type><transaction_id>9</transaction_id><space_id>X</space_id><node_id>d0a3c63b-8832-4593-be2b-09384adb0339-630dbd23-1534-4d8a-b849-45ba5677dafd</node_id><parameter name="status">m3:Success</parameter></SSAP_message>
INFO:tserver:Message identified as a REMOVE CONFIRM
INFO:tserver:REMOVE CONFIRM handled by handle_remove_confirm
