INFO:tserver:Server waiting for KPs on port 10010
INFO:tserver:Server waiting for publishers on port 10011
INFO:tserver:Incoming connection from ('127.0.0.1', 35228)
INFO:tserver:Received the following  message from ('127.0.0.1', 35228)
INFO:tserver:<SSAP_message>
<node_id>6dee1a2f-37b1-4dec-a963-006f19415494</node_id>
<space_id>X</space_id>
<transaction_type>REGISTER</transaction_type>
<message_type>REQUEST</message_type>
<transaction_id>877</transaction_id>

</SSAP_message>
INFO:tserver:Message identified as a REGISTER REQUEST
INFO:tserver:Incoming connection from ('127.0.0.1', 36847)
INFO:tserver:Received the following  message from ('127.0.0.1', 36847)
INFO:tserver:
<SSAP_message>
<node_id>d0a3c63b-8832-4593-be2b-09384adb0339-630dbd23-1534-4d8a-b849-45ba5677dafd</node_id>
<space_id>X</space_id>
<transaction_type>JOIN</transaction_type>
<message_type>REQUEST</message_type>
<transaction_id>4</transaction_id>
<parameter name = "credentials">XYZZY</parameter>
</SSAP_message>
INFO:tserver:Message identified as a JOIN REQUEST
INFO:tserver:Received the following  message from ('127.0.0.1', 35228)
INFO:tserver:<SSAP_message><message_type>CONFIRM</message_type><transaction_type>JOIN</transaction_type><transaction_id>4</transaction_id><space_id>X</space_id><node_id>d0a3c63b-8832-4593-be2b-09384adb0339-630dbd23-1534-4d8a-b849-45ba5677dafd</node_id><parameter name="status">m3:Success</parameter></SSAP_message>
INFO:tserver:Message identified as a JOIN CONFIRM
